<?xml version="1.0" encoding="UTF-8"?>
<testng-results ignored="0" total="1" passed="1" failed="0" skipped="0">
  <reporter-output>
  </reporter-output>
  <suite started-at="2022-11-19T11:25:01 IST" name="Default suite" finished-at="2022-11-19T11:25:01 IST" duration-ms="34">
    <groups>
    </groups>
    <test started-at="2022-11-19T11:25:01 IST" name="Default test" finished-at="2022-11-19T11:25:01 IST" duration-ms="34">
      <class name="demo.DemoTest">
        <test-method signature="demo()[pri:0, instance:demo.DemoTest@19d481b]" started-at="2022-11-19T11:25:01 IST" name="demo" finished-at="2022-11-19T11:25:01 IST" duration-ms="6" status="PASS">
          <reporter-output>
          </reporter-output>
        </test-method> <!-- demo -->
      </class> <!-- demo.DemoTest -->
    </test> <!-- Default test -->
  </suite> <!-- Default suite -->
</testng-results>
