<?xml version="1.0" encoding="UTF-8"?>
<testng-results ignored="0" total="1" passed="1" failed="0" skipped="0">
  <reporter-output>
  </reporter-output>
  <suite started-at="2022-11-22T11:01:22 IST" name="Default suite" finished-at="2022-11-22T11:01:22 IST" duration-ms="33">
    <groups>
    </groups>
    <test started-at="2022-11-22T11:01:22 IST" name="Default test" finished-at="2022-11-22T11:01:22 IST" duration-ms="33">
      <class name="demo.PrcaticeTest">
        <test-method signature="practice()[pri:0, instance:demo.PrcaticeTest@19d481b]" started-at="2022-11-22T11:01:22 IST" name="practice" finished-at="2022-11-22T11:01:22 IST" duration-ms="8" status="PASS">
          <reporter-output>
          </reporter-output>
        </test-method> <!-- practice -->
      </class> <!-- demo.PrcaticeTest -->
    </test> <!-- Default test -->
  </suite> <!-- Default suite -->
</testng-results>
